<?xml version='1.0' encoding='UTF-8' ?>
<testsuite name="com.nativo.benchmark.ExampleStartupBenchmark" tests="1" failures="0" errors="0" skipped="0" time="99.764" timestamp="2022-08-30T17:48:23" hostname="localhost">
  <properties>
    <property name="device" value="Pixel_4_API_32(AVD) - 12" />
    <property name="flavor" value="" />
    <property name="project" value="benchmark" />
  </properties>
  <testcase name="scrollCold" classname="com.nativo.benchmark.ExampleStartupBenchmark" time="99.0" />
</testsuite>